--------------------------------------------------------------------------------
      name:  training
       log:  /home/UserID/trainings/stata/logs/training_20130619154537.log
  log type:  text
 opened on:  19 Jun 2013, 15:45:37

. 
. 
. 
. sysuse auto, clear
(1978 Automobile Data)

. save /home/UserID/trainings/stata/data/auto.dta, replace
file /home/UserID/trainings/stata/data/auto.dta saved

. 
. clear

. 
. 
. /* Some practice loading and saving data */
.         /* Load a data set*/
.         use /home/UserID/trainings/stata/data/auto.dta, clear
(1978 Automobile Data)

.         
.         /* Load a subset of variables from the same data set */
.         use make price mpg rep78 headroom foreign using /home/UserID/training
> s/stata/data/auto.dta, clear
(1978 Automobile Data)

.         /* Load only observations for foreign cars from the same data set */
.         use if foreign==1 using /home/UserID/trainings/stata/data/auto.dta, c
> lear
(1978 Automobile Data)

.         /* Load only a subset of variables and obsrvations for foreign cars fr
> om the same data set */
.         use make price mpg rep78 headroom foreign if foreign==1 using /home/a1
> jsf01/trainings/stata/data/auto.dta, clear
(1978 Automobile Data)

. 
.         /* Save the data set we just loaded */
.         save  /home/UserID/trainings/stata/data/auto_subset.dta, replace
file /home/UserID/trainings/stata/data/auto_subset.dta saved

.         
. 
.         /* Output the data set in memory as a .csv file */
.         outsheet using  /home/UserID/trainings/stata/data/auto.csv, comma rep
> lace

.         /* Output the data set in memory as an Excel .xlsx file */
.         export excel using "/home/UserID/trainings/stata/data/auto.xlsx", fir
> strow(variables) replace
file /home/UserID/trainings/stata/data/auto.xlsx saved

.         
.         /* Input data from a .csv file */
.         insheet using  /home/UserID/trainings/stata/data/auto.csv, comma clea
> r
(6 vars, 22 obs)

.         /* Input data from a .xlsx file */
.         import excel "/home/UserID/trainings/stata/data/auto.xlsx", sheet("Sh
> eet1") firstrow clear

.         
.         
. /* Appending and merging data sets */
. 
.         /* Suppose we have data on labor market status into two data sets --- 
> Pre-1994 and Post-1994. We can combine
>                 the two by first loading one, and then appending the other */
.         
.         use /home/UserID/trainings/stata/data/basic_labor_force_pre1994.dta
no; data in memory would be lost
r(4);

end of do-file

r(4);

. do trainings/stata/do/training

. 
. 
. local filename "training"

. capture log close `filename'
